<?xml version="1.0" encoding="UTF-8"?>
<!-- Generated by org.testng.reporters.JUnitReportReporter -->
<testsuite hostname="DESKTOP-B371L1B" failures="0" tests="8" name="TestClass.OrderPageTest" time="17.721" errors="0" timestamp="2024-08-11T17:16:22 IST" skipped="0">
  <testcase classname="TestClass.OrderPageTest" name="UnitPriceTest" time="0.066"/>
  <system-out/>
  <testcase classname="TestClass.OrderPageTest" name="testTheSeletedQty" time="0.041"/>
  <system-out/>
  <testcase classname="TestClass.OrderPageTest" name="subTotalPrice" time="0.033"/>
  <system-out/>
  <testcase classname="TestClass.OrderPageTest" name="giftWrapTest" time="5.308"/>
  <system-out/>
  <testcase classname="TestClass.OrderPageTest" name="TotalPrice" time="3.042"/>
  <system-out/>
  <testcase classname="TestClass.OrderPageTest" name="ClickOnAgreeTest" time="0.162"/>
  <system-out/>
  <testcase classname="TestClass.OrderPageTest" name="clickOnCheckOut" time="4.378"/>
  <system-out/>
  <testcase classname="TestClass.OrderPageTest" name="clickAsGuest" time="4.691"/>
  <system-out/>
</testsuite> <!-- TestClass.OrderPageTest -->
