<?xml version="1.0" encoding="UTF-8"?>
<!-- Generated by org.testng.reporters.JUnitReportReporter -->
<testsuite hostname="DESKTOP-B371L1B" failures="0" tests="8" name="TestClass.IndexPageTest" time="20.032" errors="0" timestamp="2024-08-11T17:16:22 IST" skipped="0">
  <testcase classname="TestClass.IndexPageTest" name="ClickOnWishListValidation" time="1.766"/>
  <system-out/>
  <testcase classname="TestClass.IndexPageTest" name="RegBtnClickValidate" time="4.903"/>
  <system-out/>
  <testcase classname="TestClass.IndexPageTest" name="logInBtn" time="3.560"/>
  <system-out/>
  <testcase classname="TestClass.IndexPageTest" name="ClickOnShoppingCartValidation" time="2.120"/>
  <system-out/>
  <testcase classname="TestClass.IndexPageTest" name="RegBtnDisplayedValidate" time="0.135"/>
  <system-out/>
  <testcase classname="TestClass.IndexPageTest" name="Seachproduct" time="6.298"/>
  <system-out/>
  <testcase classname="TestClass.IndexPageTest" name="nopCommerceLogoDispValidate" time="0.219"/>
  <system-out/>
  <testcase classname="TestClass.IndexPageTest" name="TitleValidate" time="1.031"/>
  <system-out/>
</testsuite> <!-- TestClass.IndexPageTest -->
