<?xml version="1.0" encoding="UTF-8"?>
<!-- Generated by org.testng.reporters.JUnitReportReporter -->
<testsuite hostname="DESKTOP-B371L1B" failures="0" tests="4" name="TestClass.PayInfPageByCreditCardTest" time="13.338" errors="0" timestamp="2024-08-11T17:16:22 IST" skipped="0">
  <testcase classname="TestClass.PayInfPageByCreditCardTest" name="PaymentInfoEndToEndTesting" time="3.304"/>
  <system-out/>
  <testcase classname="TestClass.PayInfPageByCreditCardTest" name="PaymentInfoEndToEndTesting" time="3.196"/>
  <system-out/>
  <testcase classname="TestClass.PayInfPageByCreditCardTest" name="PaymentInfoEndToEndTesting" time="3.537"/>
  <system-out/>
  <testcase classname="TestClass.PayInfPageByCreditCardTest" name="PaymentInfoEndToEndTesting" time="3.301"/>
  <system-out/>
</testsuite> <!-- TestClass.PayInfPageByCreditCardTest -->
