<?xml version="1.0" encoding="UTF-8"?>
<!-- Generated by org.testng.reporters.JUnitReportReporter -->
<testsuite hostname="DESKTOP-B371L1B" failures="0" tests="1" name="TestClass.dujdjd" time="0.011" errors="0" timestamp="2024-08-11T17:37:05 IST" skipped="0">
  <testcase classname="TestClass.dujdjd" name="mam" time="0.011"/>
  <system-out/>
</testsuite> <!-- TestClass.dujdjd -->
