<?xml version="1.0" encoding="UTF-8"?>
<!-- Generated by org.testng.reporters.JUnitReportReporter -->
<testsuite hostname="DESKTOP-B371L1B" failures="0" tests="7" name="TestClass.RegPageTest" time="64.067" errors="0" timestamp="2024-08-11T17:16:22 IST" skipped="0">
  <testcase classname="TestClass.RegPageTest" name="RegTest" time="11.120"/>
  <system-out/>
  <testcase classname="TestClass.RegPageTest" name="RegTest" time="6.367"/>
  <system-out/>
  <testcase classname="TestClass.RegPageTest" name="RegTest" time="9.667"/>
  <system-out/>
  <testcase classname="TestClass.RegPageTest" name="RegTest" time="10.414"/>
  <system-out/>
  <testcase classname="TestClass.RegPageTest" name="RegTest" time="9.925"/>
  <system-out/>
  <testcase classname="TestClass.RegPageTest" name="RegTest" time="10.161"/>
  <system-out/>
  <testcase classname="TestClass.RegPageTest" name="RegTest" time="6.413"/>
  <system-out/>
</testsuite> <!-- TestClass.RegPageTest -->
