<?xml version="1.0" encoding="UTF-8"?>
<!-- Generated by org.testng.reporters.JUnitReportReporter -->
<testsuite hostname="DESKTOP-B371L1B" failures="0" tests="7" name="TestClass.LoginTest" time="20.483" errors="0" timestamp="2024-08-11T17:16:22 IST" skipped="0">
  <testcase classname="TestClass.LoginTest" name="EmailFieldDisplayedValidation" time="0.065"/>
  <system-out/>
  <testcase classname="TestClass.LoginTest" name="loginTestValids" time="4.410"/>
  <system-out/>
  <testcase classname="TestClass.LoginTest" name="PasswordFieldDisplayedValidtion" time="0.051"/>
  <system-out/>
  <testcase classname="TestClass.LoginTest" name="loginTestValids" time="4.242"/>
  <system-out/>
  <testcase classname="TestClass.LoginTest" name="LogInBtnDisplayValidtion" time="0.074"/>
  <system-out/>
  <testcase classname="TestClass.LoginTest" name="loginTestValids" time="4.339"/>
  <system-out/>
  <testcase classname="TestClass.LoginTest" name="loginTestValids" time="7.302"/>
  <system-out/>
</testsuite> <!-- TestClass.LoginTest -->
